<?xml version="1.0" encoding="UTF-8"?>
<!-- Generated by org.testng.reporters.JUnitReportReporter -->
<testsuite skipped="0" hostname="Velmurugan" name="org.sample.A" tests="3" failures="0" timestamp="24 Mar 2021 09:18:30 GMT" time="0.015" errors="0">
  <testcase name="test1" time="0.002" classname="org.sample.A"/>
  <testcase name="test" time="0.012" classname="org.sample.A"/>
  <testcase name="test2" time="0.001" classname="org.sample.A"/>
</testsuite> <!-- org.sample.A -->
