<?xml version="1.0" encoding="UTF-8"?>
<!-- Generated by org.testng.reporters.JUnitReportReporter -->
<testsuite skipped="0" hostname="Velmurugan" name="org.testng.SampleTest" tests="3" failures="0" timestamp="22 Apr 2021 09:57:00 GMT" time="0.016" errors="0">
  <testcase name="tc4" time="0.000" classname="org.testng.SampleTest"/>
  <testcase name="tc2" time="0.000" classname="org.testng.SampleTest"/>
  <testcase name="tc0" time="0.016" classname="org.testng.SampleTest"/>
</testsuite> <!-- org.testng.SampleTest -->
