<?xml version="1.0" encoding="UTF-8"?>
<!-- Generated by org.testng.reporters.JUnitReportReporter -->
<testsuite skipped="0" hostname="Velmurugan" name="org.sample.SampleLaunch" tests="1" failures="0" timestamp="25 Mar 2021 05:47:04 GMT" time="8.282" errors="0">
  <testcase name="test" time="8.282" classname="org.sample.SampleLaunch"/>
</testsuite> <!-- org.sample.SampleLaunch -->
