<?xml version="1.0" encoding="UTF-8"?>
<!-- Generated by org.testng.reporters.JUnitReportReporter -->
<testsuite skipped="0" hostname="DESKTOP-G4UR0GP" name="org.adact.Adactin" tests="10" failures="0" timestamp="06 Feb 2021 14:01:03 GMT" time="0.184" errors="0">
  <testcase name="method1" time="0.019" classname="org.adact.Adactin"/>
  <testcase name="method1" time="0.017" classname="org.adact.Adactin"/>
  <testcase name="method1" time="0.019" classname="org.adact.Adactin"/>
  <testcase name="method1" time="0.018" classname="org.adact.Adactin"/>
  <testcase name="method1" time="0.017" classname="org.adact.Adactin"/>
  <testcase name="method1" time="0.019" classname="org.adact.Adactin"/>
  <testcase name="method1" time="0.018" classname="org.adact.Adactin"/>
  <testcase name="method1" time="0.019" classname="org.adact.Adactin"/>
  <testcase name="method1" time="0.019" classname="org.adact.Adactin"/>
  <testcase name="method1" time="0.019" classname="org.adact.Adactin"/>
</testsuite> <!-- org.adact.Adactin -->
