<?xml version="1.0" encoding="UTF-8"?>
<!-- Generated by org.testng.reporters.JUnitReportReporter -->
<testsuite skipped="0" hostname="DESKTOP-G4UR0GP" name="org.adact.Adactin3" tests="5" failures="0" timestamp="05 Feb 2021 04:02:13 GMT" time="0.017" errors="0">
  <testcase name="tc_3" time="0.005" classname="org.adact.Adactin3"/>
  <testcase name="tc_5" time="0.000" classname="org.adact.Adactin3"/>
  <testcase name="tc_2" time="0.000" classname="org.adact.Adactin3"/>
  <testcase name="tc_4" time="0.000" classname="org.adact.Adactin3"/>
  <testcase name="tc_1" time="0.012" classname="org.adact.Adactin3"/>
</testsuite> <!-- org.adact.Adactin3 -->
