<?xml version="1.0" encoding="UTF-8"?>
<!-- Generated by org.testng.reporters.JUnitReportReporter -->
<testsuite skipped="0" hostname="DESKTOP-G4UR0GP" name="org.adact.Adactin2" tests="2" failures="0" timestamp="05 Feb 2021 04:15:05 GMT" time="16.157" errors="0">
  <testcase name="tc_1" time="8.969" classname="org.adact.Adactin2"/>
  <testcase name="tc_1" time="7.188" classname="org.adact.Adactin2"/>
</testsuite> <!-- org.adact.Adactin2 -->
