<?xml version="1.0" encoding="UTF-8"?>
<!-- Generated by org.testng.reporters.JUnitReportReporter -->
<testsuite skipped="0" hostname="Velmurugan" name="org.sample.B" tests="2" failures="0" timestamp="24 Mar 2021 09:37:04 GMT" time="0.237" errors="0">
  <testcase name="test1" time="0.112" classname="org.sample.B"/>
  <testcase name="test" time="0.125" classname="org.sample.B"/>
</testsuite> <!-- org.sample.B -->
